This is XeTeX, Version 3.141592653-2.6-0.999998 (TeX Live 2026) (preloaded format=xelatex 2026.6.8)  8 JUN 2026 12:01
entering extended mode
 restricted \write18 enabled.
 %&-line parsing enabled.
**laporan.tex
(./laporan.tex
LaTeX2e <2026-06-01>
L3 programming layer <2026-05-26>
(c:/Users/ThinkPad/AppData/Roaming/TinyTeX/texmf-dist/tex/latex/base/article.cls
Document Class: article 2025/01/22 v1.4n Standard LaTeX document class
(c:/Users/ThinkPad/AppData/Roaming/TinyTeX/texmf-dist/tex/latex/base/size12.clo
File: size12.clo 2025/01/22 v1.4n Standard LaTeX file (size option)
)
\c@part=\count273
\c@section=\count274
\c@subsection=\count275
\c@subsubsection=\count276
\c@paragraph=\count277
\c@subparagraph=\count278
\c@figure=\count279
\c@table=\count280
\abovecaptionskip=\skip49
\belowcaptionskip=\skip50
\bibindent=\dimen150
) (c:/Users/ThinkPad/AppData/Roaming/TinyTeX/texmf-dist/tex/latex/xcolor/xcolor.sty
Package: xcolor 2024/09/29 v3.02 LaTeX color extensions (UK)
(c:/Users/ThinkPad/AppData/Roaming/TinyTeX/texmf-dist/tex/latex/graphics-cfg/color.cfg
File: color.cfg 2016/01/02 v1.6 sample color configuration
)
Package xcolor Info: Driver file: xetex.def on input line 274.
(c:/Users/ThinkPad/AppData/Roaming/TinyTeX/texmf-dist/tex/latex/graphics-def/xetex.def
File: xetex.def 2025/11/01 v5.0p Graphics/color driver for xetex
) (c:/Users/ThinkPad/AppData/Roaming/TinyTeX/texmf-dist/tex/latex/graphics/mathcolor.ltx)
Package xcolor Info: Model `cmy' substituted by `cmy0' on input line 1349.
Package xcolor Info: Model `RGB' extended on input line 1365.
Package xcolor Info: Model `HTML' substituted by `rgb' on input line 1367.
Package xcolor Info: Model `Hsb' substituted by `hsb' on input line 1368.
Package xcolor Info: Model `tHsb' substituted by `hsb' on input line 1369.
Package xcolor Info: Model `HSB' substituted by `hsb' on input line 1370.
Package xcolor Info: Model `Gray' substituted by `gray' on input line 1371.
Package xcolor Info: Model `wave' substituted by `hsb' on input line 1372.
) (c:/Users/ThinkPad/AppData/Roaming/TinyTeX/texmf-dist/tex/latex/geometry/geometry.sty
Package: geometry 2026/03/07 v6.0 Page Geometry
(c:/Users/ThinkPad/AppData/Roaming/TinyTeX/texmf-dist/tex/latex/graphics/keyval.sty
Package: keyval 2026-05-17 v1.15 key=value parser (DPC)
\KV@toks@=\toks17
) (c:/Users/ThinkPad/AppData/Roaming/TinyTeX/texmf-dist/tex/generic/iftex/ifvtex.sty
Package: ifvtex 2019/10/25 v1.7 ifvtex legacy package. Use iftex instead.
(c:/Users/ThinkPad/AppData/Roaming/TinyTeX/texmf-dist/tex/generic/iftex/iftex.sty
Package: iftex 2024/12/12 v1.0g TeX engine tests
))
\Gm@cnth=\count281
\Gm@cntv=\count282
\c@Gm@tempcnt=\count283
\Gm@bindingoffset=\dimen151
\Gm@wd@mp=\dimen152
\Gm@odd@mp=\dimen153
\Gm@even@mp=\dimen154
\Gm@layoutwidth=\dimen155
\Gm@layoutheight=\dimen156
\Gm@layouthoffset=\dimen157
\Gm@layoutvoffset=\dimen158
\Gm@dimlist=\toks18
) (c:/Users/ThinkPad/AppData/Roaming/TinyTeX/texmf-dist/tex/latex/amsmath/amsmath.sty
Package: amsmath 2026/05/19 v2.18d AMS math features
\@mathmargin=\skip51
For additional information on amsmath, use the `?' option.
(c:/Users/ThinkPad/AppData/Roaming/TinyTeX/texmf-dist/tex/latex/amsmath/amstext.sty
Package: amstext 2024/11/17 v2.01 AMS text
(c:/Users/ThinkPad/AppData/Roaming/TinyTeX/texmf-dist/tex/latex/amsmath/amsgen.sty
File: amsgen.sty 1999/11/30 v2.0 generic functions
\@emptytoks=\toks19
\ex@=\dimen159
)) (c:/Users/ThinkPad/AppData/Roaming/TinyTeX/texmf-dist/tex/latex/amsmath/amsbsy.sty
Package: amsbsy 1999/11/29 v1.2d Bold Symbols
\pmbraise@=\dimen160
) (c:/Users/ThinkPad/AppData/Roaming/TinyTeX/texmf-dist/tex/latex/amsmath/amsopn.sty
Package: amsopn 2022/04/08 v2.04 operator names
)
\inf@bad=\count284
LaTeX Info: Redefining \frac on input line 233.
\uproot@=\count285
\leftroot@=\count286
LaTeX Info: Redefining \overline on input line 398.
LaTeX Info: Redefining \colon on input line 409.
\classnum@=\count287
\DOTSCASE@=\count288
LaTeX Info: Redefining \ldots on input line 495.
LaTeX Info: Redefining \dots on input line 498.
LaTeX Info: Redefining \cdots on input line 619.
\Mathstrutbox@=\box53
\strutbox@=\box54
LaTeX Info: Redefining \big on input line 721.
LaTeX Info: Redefining \Big on input line 722.
LaTeX Info: Redefining \bigg on input line 723.
LaTeX Info: Redefining \Bigg on input line 724.
\big@size=\dimen161
LaTeX Font Info:    Redeclaring font encoding OML on input line 742.
LaTeX Font Info:    Redeclaring font encoding OMS on input line 743.
\macc@depth=\count289
LaTeX Info: Redefining \bmod on input line 904.
LaTeX Info: Redefining \pmod on input line 909.
LaTeX Info: Redefining \smash on input line 939.
LaTeX Info: Redefining \relbar on input line 969.
LaTeX Info: Redefining \Relbar on input line 970.
\c@MaxMatrixCols=\count290
\dotsspace@=\muskip17
\c@parentequation=\count291
\dspbrk@lvl=\count292
\tag@help=\toks20
\row@=\count293
\column@=\count294
\maxfields@=\count295
\andhelp@=\toks21
\eqnshift@=\dimen162
\alignsep@=\dimen163
\tagshift@=\dimen164
\tagwidth@=\dimen165
\totwidth@=\dimen166
\lineht@=\dimen167
\@envbody=\toks22
\multlinegap=\skip52
\multlinetaggap=\skip53
\mathdisplay@stack=\toks23
LaTeX Info: Redefining \[ on input line 2965.
LaTeX Info: Redefining \] on input line 2966.
) (c:/Users/ThinkPad/AppData/Roaming/TinyTeX/texmf-dist/tex/latex/amsfonts/amssymb.sty
Package: amssymb 2013/01/14 v3.01 AMS font symbols
(c:/Users/ThinkPad/AppData/Roaming/TinyTeX/texmf-dist/tex/latex/amsfonts/amsfonts.sty
Package: amsfonts 2013/01/14 v3.01 Basic AMSFonts support
\symAMSa=\mathgroup4
\symAMSb=\mathgroup5
LaTeX Font Info:    Redeclaring math symbol \hbar on input line 98.
LaTeX Font Info:    Overwriting math alphabet `\mathfrak' in version `bold'
(Font)                  U/euf/m/n --> U/euf/b/n on input line 106.
)) (c:/Users/ThinkPad/AppData/Roaming/TinyTeX/texmf-dist/tex/latex/unicode-math/unicode-math.sty (c:/Users/ThinkPad/AppData/Roaming/TinyTeX/texmf-dist/tex/latex/l3kernel/expl3.sty
Package: expl3 2026-05-26 L3 programming layer (loader) 
(c:/Users/ThinkPad/AppData/Roaming/TinyTeX/texmf-dist/tex/latex/l3backend/l3backend-xetex.def
File: l3backend-xetex.def 2026-02-18 L3 backend support: XeTeX
\g__graphics_track_int=\count296
\g__pdfannot_backend_int=\count297
\g__pdfannot_backend_link_int=\count298
))
Package: unicode-math 2023/08/13 v0.8r Unicode maths in XeLaTeX and LuaLaTeX
(c:/Users/ThinkPad/AppData/Roaming/TinyTeX/texmf-dist/tex/latex/unicode-math/unicode-math-xetex.sty
Package: unicode-math-xetex 2023/08/13 v0.8r Unicode maths in XeLaTeX and LuaLaTeX
(c:/Users/ThinkPad/AppData/Roaming/TinyTeX/texmf-dist/tex/latex/l3packages/xparse/xparse.sty
Package: xparse 2025-10-09 L3 Experimental document command parser
) (c:/Users/ThinkPad/AppData/Roaming/TinyTeX/texmf-dist/tex/latex/l3packages/l3keys2e/l3keys2e.sty
Package: l3keys2e 2025-10-09 LaTeX2e option processing using LaTeX3 keys
) (c:/Users/ThinkPad/AppData/Roaming/TinyTeX/texmf-dist/tex/latex/fontspec/fontspec.sty
Package: fontspec 2025/09/29 v2.9g Font selection for XeLaTeX and LuaLaTeX
(c:/Users/ThinkPad/AppData/Roaming/TinyTeX/texmf-dist/tex/latex/fontspec/fontspec-xetex.sty
Package: fontspec-xetex 2025/09/29 v2.9g Font selection for XeLaTeX and LuaLaTeX
\l__fontspec_script_int=\count299
\l__fontspec_language_int=\count300
\l__fontspec_strnum_int=\count301
\l__fontspec_tmp_int=\count302
\l__fontspec_tmpa_int=\count303
\l__fontspec_tmpb_int=\count304
\l__fontspec_tmpc_int=\count305
\l__fontspec_em_int=\count306
\l__fontspec_emdef_int=\count307
\l__fontspec_strong_int=\count308
\l__fontspec_strongdef_int=\count309
\l__fontspec_tmpa_dim=\dimen168
\l__fontspec_tmpb_dim=\dimen169
\l__fontspec_tmpc_dim=\dimen170
(c:/Users/ThinkPad/AppData/Roaming/TinyTeX/texmf-dist/tex/latex/base/fontenc.sty
Package: fontenc 2025/07/18 v2.1d Standard LaTeX package
) (c:/Users/ThinkPad/AppData/Roaming/TinyTeX/texmf-dist/tex/latex/fontspec/fontspec.cfg))) (c:/Users/ThinkPad/AppData/Roaming/TinyTeX/texmf-dist/tex/latex/base/fix-cm.sty
Package: fix-cm 2020/11/24 v1.1t fixes to LaTeX
(c:/Users/ThinkPad/AppData/Roaming/TinyTeX/texmf-dist/tex/latex/base/ts1enc.def
File: ts1enc.def 2001/06/05 v3.0e (jk/car/fm) Standard LaTeX file
LaTeX Font Info:    Redeclaring font encoding TS1 on input line 47.
LaTeX Encoding Info:    Redeclaring text command \capitalcedilla (encoding TS1) on input line 49.
LaTeX Encoding Info:    Redeclaring text command \capitalogonek (encoding TS1) on input line 52.
LaTeX Encoding Info:    Redeclaring text command \capitalgrave (encoding TS1) on input line 55.
LaTeX Encoding Info:    Redeclaring text command \capitalacute (encoding TS1) on input line 56.
LaTeX Encoding Info:    Redeclaring text command \capitalcircumflex (encoding TS1) on input line 57.
LaTeX Encoding Info:    Redeclaring text command \capitaltilde (encoding TS1) on input line 58.
LaTeX Encoding Info:    Redeclaring text command \capitaldieresis (encoding TS1) on input line 59.
LaTeX Encoding Info:    Redeclaring text command \capitalhungarumlaut (encoding TS1) on input line 60.
LaTeX Encoding Info:    Redeclaring text command \capitalring (encoding TS1) on input line 61.
LaTeX Encoding Info:    Redeclaring text command \capitalcaron (encoding TS1) on input line 62.
LaTeX Encoding Info:    Redeclaring text command \capitalbreve (encoding TS1) on input line 63.
LaTeX Encoding Info:    Redeclaring text command \capitalmacron (encoding TS1) on input line 64.
LaTeX Encoding Info:    Redeclaring text command \capitaldotaccent (encoding TS1) on input line 65.
LaTeX Encoding Info:    Redeclaring text command \t (encoding TS1) on input line 66.
LaTeX Encoding Info:    Redeclaring text command \capitaltie (encoding TS1) on input line 67.
LaTeX Encoding Info:    Redeclaring text command \newtie (encoding TS1) on input line 68.
LaTeX Encoding Info:    Redeclaring text command \capitalnewtie (encoding TS1) on input line 69.
LaTeX Encoding Info:    Redeclaring text symbol \textcapitalcompwordmark (encoding TS1) on input line 70.
LaTeX Encoding Info:    Redeclaring text symbol \textascendercompwordmark (encoding TS1) on input line 71.
LaTeX Encoding Info:    Redeclaring text symbol \textquotestraightbase (encoding TS1) on input line 72.
LaTeX Encoding Info:    Redeclaring text symbol \textquotestraightdblbase (encoding TS1) on input line 73.
LaTeX Encoding Info:    Redeclaring text symbol \texttwelveudash (encoding TS1) on input line 74.
LaTeX Encoding Info:    Redeclaring text symbol \textthreequartersemdash (encoding TS1) on input line 75.
LaTeX Encoding Info:    Redeclaring text symbol \textleftarrow (encoding TS1) on input line 76.
LaTeX Encoding Info:    Redeclaring text symbol \textrightarrow (encoding TS1) on input line 77.
LaTeX Encoding Info:    Redeclaring text symbol \textblank (encoding TS1) on input line 78.
LaTeX Encoding Info:    Redeclaring text symbol \textdollar (encoding TS1) on input line 79.
LaTeX Encoding Info:    Redeclaring text symbol \textquotesingle (encoding TS1) on input line 80.
LaTeX Encoding Info:    Redeclaring text command \textasteriskcentered (encoding TS1) on input line 81.
LaTeX Encoding Info:    Redeclaring text symbol \textdblhyphen (encoding TS1) on input line 92.
LaTeX Encoding Info:    Redeclaring text symbol \textfractionsolidus (encoding TS1) on input line 93.
LaTeX Encoding Info:    Redeclaring text symbol \textzerooldstyle (encoding TS1) on input line 94.
LaTeX Encoding Info:    Redeclaring text symbol \textoneoldstyle (encoding TS1) on input line 95.
LaTeX Encoding Info:    Redeclaring text symbol \texttwooldstyle (encoding TS1) on input line 96.
LaTeX Encoding Info:    Redeclaring text symbol \textthreeoldstyle (encoding TS1) on input line 97.
LaTeX Encoding Info:    Redeclaring text symbol \textfouroldstyle (encoding TS1) on input line 98.
LaTeX Encoding Info:    Redeclaring text symbol \textfiveoldstyle (encoding TS1) on input line 99.
LaTeX Encoding Info:    Redeclaring text symbol \textsixoldstyle (encoding TS1) on input line 100.
LaTeX Encoding Info:    Redeclaring text symbol \textsevenoldstyle (encoding TS1) on input line 101.
LaTeX Encoding Info:    Redeclaring text symbol \texteightoldstyle (encoding TS1) on input line 102.
LaTeX Encoding Info:    Redeclaring text symbol \textnineoldstyle (encoding TS1) on input line 103.
LaTeX Encoding Info:    Redeclaring text symbol \textlangle (encoding TS1) on input line 104.
LaTeX Encoding Info:    Redeclaring text symbol \textminus (encoding TS1) on input line 105.
LaTeX Encoding Info:    Redeclaring text symbol \textrangle (encoding TS1) on input line 106.
LaTeX Encoding Info:    Redeclaring text symbol \textmho (encoding TS1) on input line 107.
LaTeX Encoding Info:    Redeclaring text symbol \textbigcircle (encoding TS1) on input line 108.
LaTeX Encoding Info:    Redeclaring text command \textcircled (encoding TS1) on input line 109.
LaTeX Encoding Info:    Redeclaring text symbol \textohm (encoding TS1) on input line 115.
LaTeX Encoding Info:    Redeclaring text symbol \textlbrackdbl (encoding TS1) on input line 116.
LaTeX Encoding Info:    Redeclaring text symbol \textrbrackdbl (encoding TS1) on input line 117.
LaTeX Encoding Info:    Redeclaring text symbol \textuparrow (encoding TS1) on input line 118.
LaTeX Encoding Info:    Redeclaring text symbol \textdownarrow (encoding TS1) on input line 119.
LaTeX Encoding Info:    Redeclaring text symbol \textasciigrave (encoding TS1) on input line 120.
LaTeX Encoding Info:    Redeclaring text symbol \textborn (encoding TS1) on input line 121.
LaTeX Encoding Info:    Redeclaring text symbol \textdivorced (encoding TS1) on input line 122.
LaTeX Encoding Info:    Redeclaring text symbol \textdied (encoding TS1) on input line 123.
LaTeX Encoding Info:    Redeclaring text symbol \textleaf (encoding TS1) on input line 124.
LaTeX Encoding Info:    Redeclaring text symbol \textmarried (encoding TS1) on input line 125.
LaTeX Encoding Info:    Redeclaring text symbol \textmusicalnote (encoding TS1) on input line 126.
LaTeX Encoding Info:    Redeclaring text symbol \texttildelow (encoding TS1) on input line 127.
LaTeX Encoding Info:    Redeclaring text symbol \textdblhyphenchar (encoding TS1) on input line 128.
LaTeX Encoding Info:    Redeclaring text symbol \textasciibreve (encoding TS1) on input line 129.
LaTeX Encoding Info:    Redeclaring text symbol \textasciicaron (encoding TS1) on input line 130.
LaTeX Encoding Info:    Redeclaring text symbol \textacutedbl (encoding TS1) on input line 131.
LaTeX Encoding Info:    Redeclaring text symbol \textgravedbl (encoding TS1) on input line 132.
LaTeX Encoding Info:    Redeclaring text symbol \textdagger (encoding TS1) on input line 133.
LaTeX Encoding Info:    Redeclaring text symbol \textdaggerdbl (encoding TS1) on input line 134.
LaTeX Encoding Info:    Redeclaring text symbol \textbardbl (encoding TS1) on input line 135.
LaTeX Encoding Info:    Redeclaring text symbol \textperthousand (encoding TS1) on input line 136.
LaTeX Encoding Info:    Redeclaring text symbol \textbullet (encoding TS1) on input line 137.
LaTeX Encoding Info:    Redeclaring text symbol \textcelsius (encoding TS1) on input line 138.
LaTeX Encoding Info:    Redeclaring text symbol \textdollaroldstyle (encoding TS1) on input line 139.
LaTeX Encoding Info:    Redeclaring text symbol \textcentoldstyle (encoding TS1) on input line 140.
LaTeX Encoding Info:    Redeclaring text symbol \textflorin (encoding TS1) on input line 141.
LaTeX Encoding Info:    Redeclaring text symbol \textcolonmonetary (encoding TS1) on input line 142.
LaTeX Encoding Info:    Redeclaring text symbol \textwon (encoding TS1) on input line 143.
LaTeX Encoding Info:    Redeclaring text symbol \textnaira (encoding TS1) on input line 144.
LaTeX Encoding Info:    Redeclaring text symbol \textguarani (encoding TS1) on input line 145.
LaTeX Encoding Info:    Redeclaring text symbol \textpeso (encoding TS1) on input line 146.
LaTeX Encoding Info:    Redeclaring text symbol \textlira (encoding TS1) on input line 147.
LaTeX Encoding Info:    Redeclaring text symbol \textrecipe (encoding TS1) on input line 148.
LaTeX Encoding Info:    Redeclaring text symbol \textinterrobang (encoding TS1) on input line 149.
LaTeX Encoding Info:    Redeclaring text symbol \textinterrobangdown (encoding TS1) on input line 150.
LaTeX Encoding Info:    Redeclaring text symbol \textdong (encoding TS1) on input line 151.
LaTeX Encoding Info:    Redeclaring text symbol \texttrademark (encoding TS1) on input line 152.
LaTeX Encoding Info:    Redeclaring text symbol \textpertenthousand (encoding TS1) on input line 153.
LaTeX Encoding Info:    Redeclaring text symbol \textpilcrow (encoding TS1) on input line 154.
LaTeX Encoding Info:    Redeclaring text symbol \textbaht (encoding TS1) on input line 155.
LaTeX Encoding Info:    Redeclaring text symbol \textnumero (encoding TS1) on input line 156.
LaTeX Encoding Info:    Redeclaring text symbol \textdiscount (encoding TS1) on input line 157.
LaTeX Encoding Info:    Redeclaring text symbol \textestimated (encoding TS1) on input line 158.
LaTeX Encoding Info:    Redeclaring text symbol \textopenbullet (encoding TS1) on input line 159.
LaTeX Encoding Info:    Redeclaring text symbol \textservicemark (encoding TS1) on input line 160.
LaTeX Encoding Info:    Redeclaring text symbol \textlquill (encoding TS1) on input line 161.
LaTeX Encoding Info:    Redeclaring text symbol \textrquill (encoding TS1) on input line 162.
LaTeX Encoding Info:    Redeclaring text symbol \textcent (encoding TS1) on input line 163.
LaTeX Encoding Info:    Redeclaring text symbol \textsterling (encoding TS1) on input line 164.
LaTeX Encoding Info:    Redeclaring text symbol \textcurrency (encoding TS1) on input line 165.
LaTeX Encoding Info:    Redeclaring text symbol \textyen (encoding TS1) on input line 166.
LaTeX Encoding Info:    Redeclaring text symbol \textbrokenbar (encoding TS1) on input line 167.
LaTeX Encoding Info:    Redeclaring text symbol \textsection (encoding TS1) on input line 168.
LaTeX Encoding Info:    Redeclaring text symbol \textasciidieresis (encoding TS1) on input line 169.
LaTeX Encoding Info:    Redeclaring text symbol \textcopyright (encoding TS1) on input line 170.
LaTeX Encoding Info:    Redeclaring text symbol \textordfeminine (encoding TS1) on input line 171.
LaTeX Encoding Info:    Redeclaring text symbol \textcopyleft (encoding TS1) on input line 172.
LaTeX Encoding Info:    Redeclaring text symbol \textlnot (encoding TS1) on input line 173.
LaTeX Encoding Info:    Redeclaring text symbol \textcircledP (encoding TS1) on input line 174.
LaTeX Encoding Info:    Redeclaring text symbol \textregistered (encoding TS1) on input line 175.
LaTeX Encoding Info:    Redeclaring text symbol \textasciimacron (encoding TS1) on input line 176.
LaTeX Encoding Info:    Redeclaring text symbol \textdegree (encoding TS1) on input line 177.
LaTeX Encoding Info:    Redeclaring text symbol \textpm (encoding TS1) on input line 178.
LaTeX Encoding Info:    Redeclaring text symbol \texttwosuperior (encoding TS1) on input line 179.
LaTeX Encoding Info:    Redeclaring text symbol \textthreesuperior (encoding TS1) on input line 180.
LaTeX Encoding Info:    Redeclaring text symbol \textasciiacute (encoding TS1) on input line 181.
LaTeX Encoding Info:    Redeclaring text symbol \textmu (encoding TS1) on input line 182.
LaTeX Encoding Info:    Redeclaring text symbol \textparagraph (encoding TS1) on input line 183.
LaTeX Encoding Info:    Redeclaring text symbol \textperiodcentered (encoding TS1) on input line 184.
LaTeX Encoding Info:    Redeclaring text symbol \textreferencemark (encoding TS1) on input line 185.
LaTeX Encoding Info:    Redeclaring text symbol \textonesuperior (encoding TS1) on input line 186.
LaTeX Encoding Info:    Redeclaring text symbol \textordmasculine (encoding TS1) on input line 187.
LaTeX Encoding Info:    Redeclaring text symbol \textsurd (encoding TS1) on input line 188.
LaTeX Encoding Info:    Redeclaring text symbol \textonequarter (encoding TS1) on input line 189.
LaTeX Encoding Info:    Redeclaring text symbol \textonehalf (encoding TS1) on input line 190.
LaTeX Encoding Info:    Redeclaring text symbol \textthreequarters (encoding TS1) on input line 191.
LaTeX Encoding Info:    Redeclaring text symbol \texteuro (encoding TS1) on input line 192.
LaTeX Encoding Info:    Redeclaring text symbol \texttimes (encoding TS1) on input line 193.
LaTeX Encoding Info:    Redeclaring text symbol \textdiv (encoding TS1) on input line 194.
))
\g__um_fam_int=\count310
\g__um_fonts_used_int=\count311
\l__um_primecount_int=\count312
\g__um_primekern_muskip=\muskip18
(c:/Users/ThinkPad/AppData/Roaming/TinyTeX/texmf-dist/tex/latex/unicode-math/unicode-math-table.tex))) (c:/Users/ThinkPad/AppData/Roaming/TinyTeX/texmf-dist/tex/latex/lm/lmodern.sty
Package: lmodern 2015/05/01 v1.6.1 Latin Modern Fonts
LaTeX Font Info:    Overwriting symbol font `operators' in version `normal'
(Font)                  OT1/cmr/m/n --> OT1/lmr/m/n on input line 22.
LaTeX Font Info:    Overwriting symbol font `letters' in version `normal'
(Font)                  OML/cmm/m/it --> OML/lmm/m/it on input line 23.
LaTeX Font Info:    Overwriting symbol font `symbols' in version `normal'
(Font)                  OMS/cmsy/m/n --> OMS/lmsy/m/n on input line 24.
LaTeX Font Info:    Overwriting symbol font `largesymbols' in version `normal'
(Font)                  OMX/cmex/m/n --> OMX/lmex/m/n on input line 25.
LaTeX Font Info:    Overwriting symbol font `operators' in version `bold'
(Font)                  OT1/cmr/bx/n --> OT1/lmr/bx/n on input line 26.
LaTeX Font Info:    Overwriting symbol font `letters' in version `bold'
(Font)                  OML/cmm/b/it --> OML/lmm/b/it on input line 27.
LaTeX Font Info:    Overwriting symbol font `symbols' in version `bold'
(Font)                  OMS/cmsy/b/n --> OMS/lmsy/b/n on input line 28.
LaTeX Font Info:    Overwriting symbol font `largesymbols' in version `bold'
(Font)                  OMX/cmex/m/n --> OMX/lmex/m/n on input line 29.
LaTeX Font Info:    Overwriting math alphabet `\mathbf' in version `normal'
(Font)                  OT1/cmr/bx/n --> OT1/lmr/bx/n on input line 31.
LaTeX Font Info:    Overwriting math alphabet `\mathsf' in version `normal'
(Font)                  OT1/cmss/m/n --> OT1/lmss/m/n on input line 32.
LaTeX Font Info:    Overwriting math alphabet `\mathit' in version `normal'
(Font)                  OT1/cmr/m/it --> OT1/lmr/m/it on input line 33.
LaTeX Font Info:    Overwriting math alphabet `\mathtt' in version `normal'
(Font)                  OT1/cmtt/m/n --> OT1/lmtt/m/n on input line 34.
LaTeX Font Info:    Overwriting math alphabet `\mathbf' in version `bold'
(Font)                  OT1/cmr/bx/n --> OT1/lmr/bx/n on input line 35.
LaTeX Font Info:    Overwriting math alphabet `\mathsf' in version `bold'
(Font)                  OT1/cmss/bx/n --> OT1/lmss/bx/n on input line 36.
LaTeX Font Info:    Overwriting math alphabet `\mathit' in version `bold'
(Font)                  OT1/cmr/bx/it --> OT1/lmr/bx/it on input line 37.
LaTeX Font Info:    Overwriting math alphabet `\mathtt' in version `bold'
(Font)                  OT1/cmtt/m/n --> OT1/lmtt/m/n on input line 38.
) (c:/Users/ThinkPad/AppData/Roaming/TinyTeX/texmf-dist/tex/latex/upquote/upquote.sty
Package: upquote 2012/04/19 v1.3 upright-quote and grave-accent glyphs in verbatim
(c:/Users/ThinkPad/AppData/Roaming/TinyTeX/texmf-dist/tex/latex/base/textcomp.sty
Package: textcomp 2024/04/24 v2.1b Standard LaTeX package
)) (c:/Users/ThinkPad/AppData/Roaming/TinyTeX/texmf-dist/tex/latex/fancyvrb/fancyvrb.sty
Package: fancyvrb 2026/04/16 4.6a verbatim text (tvz,hv)
\FV@CodeLineNo=\count313
\FV@InFile=\read2
\FV@TabBox=\box55
\c@FancyVerbLine=\count314
\FV@StepNumber=\count315
\FV@OutFile=\write3
) (c:/Users/ThinkPad/AppData/Roaming/TinyTeX/texmf-dist/tex/latex/framed/framed.sty
Package: framed 2011/10/22 v 0.96: framed or shaded text with page breaks
\OuterFrameSep=\skip54
\fb@frw=\dimen171
\fb@frh=\dimen172
\FrameRule=\dimen173
\FrameSep=\dimen174
) (c:/Users/ThinkPad/AppData/Roaming/TinyTeX/texmf-dist/tex/latex/graphics/graphicx.sty
Package: graphicx 2026-05-17 v1.2e Enhanced LaTeX Graphics (DPC,SPQR)
(c:/Users/ThinkPad/AppData/Roaming/TinyTeX/texmf-dist/tex/latex/graphics/graphics.sty
Package: graphics 2026-05-17 v1.4h Standard LaTeX Graphics (DPC,SPQR)
(c:/Users/ThinkPad/AppData/Roaming/TinyTeX/texmf-dist/tex/latex/graphics/trig.sty
Package: trig 2023/12/02 v1.11 sin cos tan (DPC)
) (c:/Users/ThinkPad/AppData/Roaming/TinyTeX/texmf-dist/tex/latex/graphics-cfg/graphics.cfg
File: graphics.cfg 2016/06/04 v1.11 sample graphics configuration
)
Package graphics Info: Driver file: xetex.def on input line 106.
)
\Gin@req@height=\dimen175
\Gin@req@width=\dimen176
)
\pandoc@box=\box56
\cslhangindent=\skip55
\csllabelwidth=\skip56
(c:/Users/ThinkPad/AppData/Roaming/TinyTeX/texmf-dist/tex/latex/tools/calc.sty
Package: calc 2025/03/01 v4.3b Infix arithmetic (KKT,FJ)
\calc@Acount=\count316
\calc@Bcount=\count317
\calc@Adimen=\dimen177
\calc@Bdimen=\dimen178
\calc@Askip=\skip57
\calc@Bskip=\skip58
LaTeX Info: Redefining \setlength on input line 86.
LaTeX Info: Redefining \addtolength on input line 87.
\calc@Ccount=\count318
\calc@Cskip=\skip59
) (c:/Users/ThinkPad/AppData/Roaming/TinyTeX/texmf-dist/tex/latex/tools/indentfirst.sty
Package: indentfirst 2023/07/02 v1.03 Indent first paragraph (DPC)
) (c:/Users/ThinkPad/AppData/Roaming/TinyTeX/texmf-dist/tex/latex/setspace/setspace.sty
Package: setspace 2022/12/04 v6.7b set line spacing
) (c:/Users/ThinkPad/AppData/Roaming/TinyTeX/texmf-dist/tex/latex/fvextra/fvextra.sty
Package: fvextra 2026/02/25 v1.14.0 fvextra - extensions and patches for fancyvrb
(c:/Users/ThinkPad/AppData/Roaming/TinyTeX/texmf-dist/tex/latex/etoolbox/etoolbox.sty
Package: etoolbox 2025/10/02 v2.5m e-TeX tools for LaTeX (JAW)
\etb@tempcnta=\count319
) (c:/Users/ThinkPad/AppData/Roaming/TinyTeX/texmf-dist/tex/latex/lineno/lineno.sty
Package: lineno 2026/03/08 line numbers on paragraphs v5.9
(c:/Users/ThinkPad/AppData/Roaming/TinyTeX/texmf-dist/tex/latex/kvoptions/kvoptions.sty
Package: kvoptions 2022-06-15 v3.15 Key value format for package options (HO)
(c:/Users/ThinkPad/AppData/Roaming/TinyTeX/texmf-dist/tex/generic/ltxcmds/ltxcmds.sty
Package: ltxcmds 2023-12-04 v1.26 LaTeX kernel commands for general use (HO)
) (c:/Users/ThinkPad/AppData/Roaming/TinyTeX/texmf-dist/tex/latex/kvsetkeys/kvsetkeys.sty
Package: kvsetkeys 2022-10-05 v1.19 Key value parser (HO)
))
\linenopenalty=\count320
\output=\toks24
\linenoprevgraf=\count321
\linenumbersep=\dimen179
\linenumberwidth=\dimen180
\c@linenumber=\count322
\c@pagewiselinenumber=\count323
\c@LN@truepage=\count324
\c@internallinenumber=\count325
\c@internallinenumbers=\count326
\quotelinenumbersep=\dimen181
\bframerule=\dimen182
\bframesep=\dimen183
\bframebox=\box57
\@LN@amsmath@ams@eqpen=\count327
)
\c@FancyVerbWriteLine=\count328
\c@FancyVerbBufferLine=\count329
\c@FV@TrueTabGroupLevel=\count330
\c@FV@TrueTabCounter=\count331
\FV@TabBox@Group=\box58
\FV@bgcolorstructbox=\box59
\FV@TmpLength=\skip60
\c@FV@HighlightLinesStart=\count332
\c@FV@HighlightLinesStop=\count333
\FV@LoopCount=\count334
\FV@NCharsBox=\box60
\FV@BreakIndent=\dimen184
\FV@BreakIndentNChars=\count335
\FV@BreakSymbolSepLeft=\dimen185
\FV@BreakSymbolSepLeftNChars=\count336
\FV@BreakSymbolSepRight=\dimen186
\FV@BreakSymbolSepRightNChars=\count337
\FV@BreakSymbolIndentLeft=\dimen187
\FV@BreakSymbolIndentLeftNChars=\count338
\FV@BreakSymbolIndentRight=\dimen188
\FV@BreakSymbolIndentRightNChars=\count339
\c@FancyVerbLineBreakLast=\count340
\FV@LineBox=\box61
\FV@LineIndentBox=\box62
\c@FV@BreakBufferDepth=\count341
\FV@LineWidth=\dimen189
)

Package fontspec Info: 
(fontspec)             Times New Roman scale = 0.9636299023440277.


Package fontspec Info: 
(fontspec)             Times New Roman scale = 1.


Package fontspec Info: 
(fontspec)             Times New Roman scale = 0.9636299023440277.


Package fontspec Info: 
(fontspec)             Times New Roman scale = 1.


Package fontspec Info: 
(fontspec)             Times New Roman scale = 0.9636299023440277.


Package fontspec Info: 
(fontspec)             Times New Roman scale = 1.


Package fontspec Info: 
(fontspec)             Times New Roman/B scale = 0.9440481727713549.


Package fontspec Info: 
(fontspec)             Times New Roman/B scale = 1.


Package fontspec Info: 
(fontspec)             Times New Roman/B scale = 0.9440481727713549.


Package fontspec Info: 
(fontspec)             Times New Roman/B scale = 1.


Package fontspec Info: 
(fontspec)             Times New Roman/I scale = 1.001912475428977.


Package fontspec Info: 
(fontspec)             Times New Roman/I scale = 1.


Package fontspec Info: 
(fontspec)             Times New Roman/I scale = 1.001912475428977.


Package fontspec Info: 
(fontspec)             Times New Roman/I scale = 1.


Package fontspec Info: 
(fontspec)             Times New Roman/BI scale = 0.9818519945425632.


Package fontspec Info: 
(fontspec)             Times New Roman/BI scale = 1.


Package fontspec Info: 
(fontspec)             Times New Roman/BI scale = 0.9818519945425632.


Package fontspec Info: 
(fontspec)             Times New Roman/BI scale = 1.


Package fontspec Info: 
(fontspec)             Font family 'TimesNewRoman(0)' created for font 'Times
(fontspec)             New Roman' with options
(fontspec)             [Scale=MatchLowercase,Ligatures=TeX,Scale=1].
(fontspec)              
(fontspec)              This font family consists of the following NFSS
(fontspec)             series/shapes:
(fontspec)              
(fontspec)             - 'normal' (m/n) with NFSS spec.: <->s*[1]"Times New
(fontspec)             Roman/OT:script=latn;language=dflt;mapping=tex-text;"
(fontspec)             - 'small caps'  (m/sc) with NFSS spec.: <->s*[1]"Times
(fontspec)             New
(fontspec)             Roman/OT:script=latn;language=dflt;+smcp;mapping=tex-text;"
(fontspec)             - 'bold' (b/n) with NFSS spec.: <->s*[1]"Times New
(fontspec)             Roman/B/OT:script=latn;language=dflt;mapping=tex-text;"
(fontspec)             - 'bold small caps'  (b/sc) with NFSS spec.:
(fontspec)             <->s*[1]"Times New
(fontspec)             Roman/B/OT:script=latn;language=dflt;+smcp;mapping=tex-text;"
(fontspec)             - 'italic' (m/it) with NFSS spec.: <->s*[1]"Times New
(fontspec)             Roman/I/OT:script=latn;language=dflt;mapping=tex-text;"
(fontspec)             - 'italic small caps'  (m/scit) with NFSS spec.:
(fontspec)             <->s*[1]"Times New
(fontspec)             Roman/I/OT:script=latn;language=dflt;+smcp;mapping=tex-text;"
(fontspec)             - 'bold italic' (b/it) with NFSS spec.: <->s*[1]"Times
(fontspec)             New
(fontspec)             Roman/BI/OT:script=latn;language=dflt;mapping=tex-text;"
(fontspec)             - 'bold italic small caps'  (b/scit) with NFSS spec.:
(fontspec)             <->s*[1]"Times New
(fontspec)             Roman/BI/OT:script=latn;language=dflt;+smcp;mapping=tex-text;"

LaTeX Font Info:    Font shape `TU/TimesNewRoman(0)/m/n' will be
(Font)              scaled to size 12.0pt on input line 138.

Package fontspec Info: 
(fontspec)             Times New Roman scale = 0.9999971570313723.


Package fontspec Info: 
(fontspec)             Times New Roman scale = 0.9999971570313723.


Package fontspec Info: 
(fontspec)             Times New Roman scale = 0.9999971570313723.


Package fontspec Info: 
(fontspec)             Times New Roman/B scale = 0.9796764157853839.


Package fontspec Info: 
(fontspec)             Times New Roman/B scale = 0.9796764157853839.


Package fontspec Info: 
(fontspec)             Times New Roman/I scale = 1.039724508949025.


Package fontspec Info: 
(fontspec)             Times New Roman/I scale = 1.039724508949025.


Package fontspec Info: 
(fontspec)             Times New Roman/BI scale = 1.018906948383191.


Package fontspec Info: 
(fontspec)             Times New Roman/BI scale = 1.018906948383191.


Package fontspec Info: 
(fontspec)             Font family 'TimesNewRoman(1)' created for font 'Times
(fontspec)             New Roman' with options [Scale=MatchLowercase].
(fontspec)              
(fontspec)              This font family consists of the following NFSS
(fontspec)             series/shapes:
(fontspec)              
(fontspec)             - 'normal' (m/n) with NFSS spec.:
(fontspec)             <->s*[0.9999971570313723]"Times New
(fontspec)             Roman/OT:script=latn;language=dflt;"
(fontspec)             - 'small caps'  (m/sc) with NFSS spec.:
(fontspec)             <->s*[0.9999971570313723]"Times New
(fontspec)             Roman/OT:script=latn;language=dflt;+smcp;"
(fontspec)             - 'bold' (b/n) with NFSS spec.:
(fontspec)             <->s*[0.9796764157853839]"Times New
(fontspec)             Roman/B/OT:script=latn;language=dflt;"
(fontspec)             - 'bold small caps'  (b/sc) with NFSS spec.:
(fontspec)             <->s*[0.9796764157853839]"Times New
(fontspec)             Roman/B/OT:script=latn;language=dflt;+smcp;"
(fontspec)             - 'italic' (m/it) with NFSS spec.:
(fontspec)             <->s*[1.039724508949025]"Times New
(fontspec)             Roman/I/OT:script=latn;language=dflt;"
(fontspec)             - 'italic small caps'  (m/scit) with NFSS spec.:
(fontspec)             <->s*[1.039724508949025]"Times New
(fontspec)             Roman/I/OT:script=latn;language=dflt;+smcp;"
(fontspec)             - 'bold italic' (b/it) with NFSS spec.:
(fontspec)             <->s*[1.018906948383191]"Times New
(fontspec)             Roman/BI/OT:script=latn;language=dflt;"
(fontspec)             - 'bold italic small caps'  (b/scit) with NFSS spec.:
(fontspec)             <->s*[1.018906948383191]"Times New
(fontspec)             Roman/BI/OT:script=latn;language=dflt;+smcp;"

LaTeX Font Info:    Overwriting math alphabet `\mathrm' in version `normal'
(Font)                  OT1/lmr/m/n --> TU/TimesNewRoman(1)/m/n on input line 138.
LaTeX Font Info:    Overwriting math alphabet `\mathit' in version `normal'
(Font)                  OT1/lmr/m/it --> TU/TimesNewRoman(1)/m/it on input line 138.
LaTeX Font Info:    Overwriting math alphabet `\mathbf' in version `normal'
(Font)                  OT1/lmr/bx/n --> TU/TimesNewRoman(1)/b/n on input line 138.
(c:/Users/ThinkPad/AppData/Roaming/TinyTeX/texmf-dist/tex/latex/bookmark/bookmark.sty
Package: bookmark 2026-05-21 v1.32 PDF bookmarks (HO)
(c:/Users/ThinkPad/AppData/Roaming/TinyTeX/texmf-dist/tex/latex/hyperref/hyperref.sty
Package: hyperref 2026-04-24 v7.01q Hypertext links for LaTeX
(c:/Users/ThinkPad/AppData/Roaming/TinyTeX/texmf-dist/tex/generic/kvdefinekeys/kvdefinekeys.sty
Package: kvdefinekeys 2019-12-19 v1.6 Define keys (HO)
) (c:/Users/ThinkPad/AppData/Roaming/TinyTeX/texmf-dist/tex/generic/pdfescape/pdfescape.sty
Package: pdfescape 2019/12/09 v1.15 Implements pdfTeX's escape features (HO)
(c:/Users/ThinkPad/AppData/Roaming/TinyTeX/texmf-dist/tex/generic/pdftexcmds/pdftexcmds.sty
Package: pdftexcmds 2020-06-27 v0.33 Utility functions of pdfTeX for LuaTeX (HO)
(c:/Users/ThinkPad/AppData/Roaming/TinyTeX/texmf-dist/tex/generic/infwarerr/infwarerr.sty
Package: infwarerr 2019/12/03 v1.5 Providing info/warning/error messages (HO)
)
Package pdftexcmds Info: \pdf@primitive is available.
Package pdftexcmds Info: \pdf@ifprimitive is available.
Package pdftexcmds Info: \pdfdraftmode not found.
)) (c:/Users/ThinkPad/AppData/Roaming/TinyTeX/texmf-dist/tex/latex/hycolor/hycolor.sty
Package: hycolor 2020-01-27 v1.10 Color options for hyperref/bookmark (HO)
) (c:/Users/ThinkPad/AppData/Roaming/TinyTeX/texmf-dist/tex/latex/hyperref/nameref.sty
Package: nameref 2026-01-29 v2.58 Cross-referencing by name of section
(c:/Users/ThinkPad/AppData/Roaming/TinyTeX/texmf-dist/tex/latex/refcount/refcount.sty
Package: refcount 2019/12/15 v3.6 Data extraction from label references (HO)
) (c:/Users/ThinkPad/AppData/Roaming/TinyTeX/texmf-dist/tex/generic/gettitlestring/gettitlestring.sty
Package: gettitlestring 2019/12/15 v1.6 Cleanup title references (HO)
)
\c@section@level=\count342
) (c:/Users/ThinkPad/AppData/Roaming/TinyTeX/texmf-dist/tex/generic/stringenc/stringenc.sty
Package: stringenc 2019/11/29 v1.12 Convert strings between diff. encodings (HO)
)
\@linkdim=\dimen190
\Hy@linkcounter=\count343
\Hy@pagecounter=\count344
(c:/Users/ThinkPad/AppData/Roaming/TinyTeX/texmf-dist/tex/latex/hyperref/pd1enc.def
File: pd1enc.def 2026-04-24 v7.01q Hyperref: PDFDocEncoding definition (HO)
) (c:/Users/ThinkPad/AppData/Roaming/TinyTeX/texmf-dist/tex/generic/intcalc/intcalc.sty
Package: intcalc 2019/12/15 v1.3 Expandable calculations with integers (HO)
)
\Hy@SavedSpaceFactor=\count345
(c:/Users/ThinkPad/AppData/Roaming/TinyTeX/texmf-dist/tex/latex/hyperref/puenc.def
File: puenc.def 2026-04-24 v7.01q Hyperref: PDF Unicode definition (HO)
)
Package hyperref Info: Option `unicode' set `true' on input line 4070.
Package hyperref Info: Hyper figures OFF on input line 4199.
Package hyperref Info: Link nesting OFF on input line 4204.
Package hyperref Info: Hyper index ON on input line 4207.
Package hyperref Info: Plain pages OFF on input line 4214.
Package hyperref Info: Backreferencing OFF on input line 4219.
Package hyperref Info: Implicit mode ON; LaTeX internals redefined.
Package hyperref Info: Bookmarks ON on input line 4466.
\c@Hy@tempcnt=\count346
(c:/Users/ThinkPad/AppData/Roaming/TinyTeX/texmf-dist/tex/latex/url/url.sty
\Urlmuskip=\muskip19
Package: url 2013/09/16  ver 3.4  Verb mode for urls, etc.
)
LaTeX Info: Redefining \url on input line 4805.
\XeTeXLinkMargin=\dimen191
(c:/Users/ThinkPad/AppData/Roaming/TinyTeX/texmf-dist/tex/generic/bitset/bitset.sty
Package: bitset 2019/12/09 v1.3 Handle bit-vector datatype (HO)
(c:/Users/ThinkPad/AppData/Roaming/TinyTeX/texmf-dist/tex/generic/bigintcalc/bigintcalc.sty
Package: bigintcalc 2019/12/15 v1.5 Expandable calculations on big integers (HO)
))
\Fld@menulength=\count347
\Field@Width=\dimen192
\Fld@charsize=\dimen193
Package hyperref Info: Hyper figures OFF on input line 6091.
Package hyperref Info: Link nesting OFF on input line 6096.
Package hyperref Info: Hyper index ON on input line 6099.
Package hyperref Info: backreferencing OFF on input line 6106.
Package hyperref Info: Link coloring OFF on input line 6111.
Package hyperref Info: Link coloring with OCG OFF on input line 6116.
Package hyperref Info: PDF/A mode OFF on input line 6121.
\Hy@abspage=\count348
\c@Item=\count349
\c@Hfootnote=\count350
)
Package hyperref Info: Driver (autodetected): hxetex.
(c:/Users/ThinkPad/AppData/Roaming/TinyTeX/texmf-dist/tex/latex/hyperref/hxetex.def
File: hxetex.def 2026-04-24 v7.01q Hyperref driver for XeTeX
\pdfm@box=\box63
\c@Hy@AnnotLevel=\count351
\HyField@AnnotCount=\count352
\Fld@listcount=\count353
\c@bookmark@seq@number=\count354
(c:/Users/ThinkPad/AppData/Roaming/TinyTeX/texmf-dist/tex/latex/rerunfilecheck/rerunfilecheck.sty
Package: rerunfilecheck 2025-06-21 v1.11 Rerun checks for auxiliary files (HO)
(c:/Users/ThinkPad/AppData/Roaming/TinyTeX/texmf-dist/tex/generic/uniquecounter/uniquecounter.sty
Package: uniquecounter 2019/12/15 v1.4 Provide unlimited unique counter (HO)
)
Package uniquecounter Info: New unique counter `rerunfilecheck' on input line 284.
)
\Hy@SectionHShift=\skip61
) (c:/Users/ThinkPad/AppData/Roaming/TinyTeX/texmf-dist/tex/latex/bookmark/bkm-xetex.def
File: bkm-xetex.def 2026-05-21 v1.32 bookmark driver for xetex (HO)
\BKM@id=\count355
)) (./laporan.aux

LaTeX Warning: Label `ref-hair2019' multiply defined.


LaTeX Warning: Label `ref-james2021' multiply defined.


LaTeX Warning: Label `ref-montgomery2018' multiply defined.


LaTeX Warning: Label `ref-rstudio2024' multiply defined.


LaTeX Warning: Label `ref-walpole2018' multiply defined.


LaTeX Warning: Label `ref-wickham2016' multiply defined.


LaTeX Warning: Label `refs' multiply defined.

)
\openout1 = `laporan.aux'.

LaTeX Font Info:    Checking defaults for OML/cmm/m/it on input line 150.
LaTeX Font Info:    ... okay on input line 150.
LaTeX Font Info:    Checking defaults for OMS/cmsy/m/n on input line 150.
LaTeX Font Info:    ... okay on input line 150.
LaTeX Font Info:    Checking defaults for OT1/cmr/m/n on input line 150.
LaTeX Font Info:    ... okay on input line 150.
LaTeX Font Info:    Checking defaults for T1/cmr/m/n on input line 150.
LaTeX Font Info:    ... okay on input line 150.
LaTeX Font Info:    Checking defaults for TS1/cmr/m/n on input line 150.
LaTeX Font Info:    ... okay on input line 150.
LaTeX Font Info:    Checking defaults for TU/lmr/m/n on input line 150.
LaTeX Font Info:    ... okay on input line 150.
LaTeX Font Info:    Checking defaults for OMX/cmex/m/n on input line 150.
LaTeX Font Info:    ... okay on input line 150.
LaTeX Font Info:    Checking defaults for U/cmr/m/n on input line 150.
LaTeX Font Info:    ... okay on input line 150.
LaTeX Font Info:    Checking defaults for PD1/pdf/m/n on input line 150.
LaTeX Font Info:    ... okay on input line 150.
LaTeX Font Info:    Checking defaults for PU/pdf/m/n on input line 150.
LaTeX Font Info:    ... okay on input line 150.
*geometry* driver: auto-detecting
*geometry* detected driver: xetex
*geometry* verbose mode - [ preamble ] result:
* driver: xetex
* paper: <default>
* layout: <same size as paper>
* layoutoffset:(h,v)=(0.0pt,0.0pt)
* modes: 
* h-part:(L,W,R)=(85.35826pt, 443.57848pt, 85.35826pt)
* v-part:(T,H,B)=(85.35826pt, 624.25346pt, 85.35826pt)
* \paperwidth=614.295pt
* \paperheight=794.96999pt
* \textwidth=443.57848pt
* \textheight=624.25346pt
* \oddsidemargin=13.08827pt
* \evensidemargin=13.08827pt
* \topmargin=-23.91173pt
* \headheight=12.0pt
* \headsep=25.0pt
* \topskip=12.0pt
* \footskip=30.0pt
* \marginparwidth=44.0pt
* \marginparsep=10.0pt
* \columnsep=10.0pt
* \skip\footins=10.8pt plus 4.0pt minus 2.0pt
* \hoffset=0.0pt
* \voffset=0.0pt
* \mag=1000
* \@twocolumnfalse
* \@twosidefalse
* \@mparswitchfalse
* \@reversemarginfalse
* (1in=72.27pt=25.4mm, 1cm=28.453pt)

LaTeX Font Info:    Overwriting math alphabet `\mathsf' in version `normal'
(Font)                  OT1/lmss/m/n --> TU/lmss/m/n on input line 150.
LaTeX Font Info:    Overwriting math alphabet `\mathsf' in version `bold'
(Font)                  OT1/lmss/bx/n --> TU/lmss/b/n on input line 150.
LaTeX Font Info:    Overwriting math alphabet `\mathtt' in version `normal'
(Font)                  OT1/lmtt/m/n --> TU/lmtt/m/n on input line 150.
LaTeX Font Info:    Overwriting math alphabet `\mathtt' in version `bold'
(Font)                  OT1/lmtt/m/n --> TU/lmtt/b/n on input line 150.

Package fontspec Info: 
(fontspec)             latinmodern-math scale = 1.037736795366909.


Package fontspec Info: 
(fontspec)             latinmodern-math scale = 1.037736795366909.


Package fontspec Info: 
(fontspec)             latinmodern-math scale = 1.037736795366909.


Package fontspec Info: 
(fontspec)             Font family 'latinmodern-math.otf(0)' created for font
(fontspec)             'latinmodern-math.otf' with options
(fontspec)             [Scale=MatchLowercase,BoldItalicFont={},ItalicFont={},SmallCapsFont={},Script=Math,BoldFont={latinmodern-math.otf}].
(fontspec)              
(fontspec)              This font family consists of the following NFSS
(fontspec)             series/shapes:
(fontspec)              
(fontspec)             - 'normal' (m/n) with NFSS spec.:
(fontspec)             <->s*[1.037736795366909]"[latinmodern-math.otf]/OT:script=math;language=dflt;"
(fontspec)             - 'bold' (b/n) with NFSS spec.:
(fontspec)             <->s*[1.037736795366909]"[latinmodern-math.otf]/OT:script=math;language=dflt;"

LaTeX Font Info:    Font shape `TU/latinmodern-math.otf(0)/m/n' will be
(Font)              scaled to size 12.45282pt on input line 150.

Package fontspec Info: 
(fontspec)             latinmodern-math scale = 1.037736795366909.


Package fontspec Info: 
(fontspec)             latinmodern-math scale = 1.037736795366909.


Package fontspec Info: 
(fontspec)             latinmodern-math scale = 1.037736795366909.


Package fontspec Info: 
(fontspec)             latinmodern-math scale = 1.037736795366909.


Package fontspec Info: 
(fontspec)             latinmodern-math scale = 1.037736795366909.


Package fontspec Info: 
(fontspec)             Font family 'latinmodern-math.otf(1)' created for font
(fontspec)             'latinmodern-math.otf' with options
(fontspec)             [Scale=MatchLowercase,BoldItalicFont={},ItalicFont={},SmallCapsFont={},Script=Math,SizeFeatures={{Size=10.2-},{Size=7.2-10.2,Font=latinmodern-math.otf,Style=MathScript},{Size=-7.2,Font=latinmodern-math.otf,Style=MathScriptScript}},BoldFont={latinmodern-math.otf}].
(fontspec)              
(fontspec)              This font family consists of the following NFSS
(fontspec)             series/shapes:
(fontspec)              
(fontspec)             - 'normal' (m/n) with NFSS spec.:
(fontspec)             <10.2->s*[1.037736795366909]"[latinmodern-math.otf]/OT:script=math;language=dflt;"<7.2-10.2>s*[1.037736795366909]"[latinmodern-math.otf]/OT:script=math;language=dflt;+ssty=0;"<-7.2>s*[1.037736795366909]"[latinmodern-math.otf]/OT:script=math;language=dflt;+ssty=1;"
(fontspec)             - 'bold' (b/n) with NFSS spec.:
(fontspec)             <->s*[1.037736795366909]"[latinmodern-math.otf]/OT:script=math;language=dflt;"

LaTeX Font Info:    Font shape `TU/latinmodern-math.otf(1)/m/n' will be
(Font)              scaled to size 12.45282pt on input line 150.
LaTeX Font Info:    Encoding `OT1' has changed to `TU' for symbol font
(Font)              `operators' in the math version `normal' on input line 150.
LaTeX Font Info:    Overwriting symbol font `operators' in version `normal'
(Font)                  OT1/lmr/m/n --> TU/latinmodern-math.otf(1)/m/n on input line 150.
LaTeX Font Info:    Encoding `OT1' has changed to `TU' for symbol font
(Font)              `operators' in the math version `bold' on input line 150.
LaTeX Font Info:    Overwriting symbol font `operators' in version `bold'
(Font)                  OT1/lmr/bx/n --> TU/latinmodern-math.otf(1)/b/n on input line 150.

Package fontspec Info: 
(fontspec)             latinmodern-math scale = 1.037736795366909.


Package fontspec Info: 
(fontspec)             latinmodern-math scale = 1.037840569046446.


Package fontspec Info: 
(fontspec)             latinmodern-math scale = 1.037736795366909.


Package fontspec Info: 
(fontspec)             latinmodern-math scale = 1.037840569046446.


Package fontspec Info: 
(fontspec)             latinmodern-math scale = 1.037736795366909.


Package fontspec Info: 
(fontspec)             latinmodern-math scale = 1.037840569046446.


Package fontspec Info: 
(fontspec)             latinmodern-math scale = 1.037736795366909.


Package fontspec Info: 
(fontspec)             latinmodern-math scale = 1.037840569046446.


Package fontspec Info: 
(fontspec)             latinmodern-math scale = 1.037736795366909.


Package fontspec Info: 
(fontspec)             latinmodern-math scale = 1.037840569046446.


Package fontspec Info: 
(fontspec)             Font family 'latinmodern-math.otf(2)' created for font
(fontspec)             'latinmodern-math.otf' with options
(fontspec)             [Scale=MatchLowercase,BoldItalicFont={},ItalicFont={},SmallCapsFont={},Script=Math,SizeFeatures={{Size=10.2-},{Size=7.2-10.2,Font=latinmodern-math.otf,Style=MathScript},{Size=-7.2,Font=latinmodern-math.otf,Style=MathScriptScript}},BoldFont={latinmodern-math.otf},ScaleAgain=1.0001,FontAdjustment={\fontdimen
(fontspec)             8\font =8.43056pt\relax \fontdimen 9\font
(fontspec)             =4.90642pt\relax \fontdimen 10\font =5.52905pt\relax
(fontspec)             \fontdimen 11\font =8.54263pt\relax \fontdimen 12\font
(fontspec)             =4.29622pt\relax \fontdimen 13\font =4.52037pt\relax
(fontspec)             \fontdimen 14\font =4.52037pt\relax \fontdimen 15\font
(fontspec)             =3.59886pt\relax \fontdimen 16\font =3.07585pt\relax
(fontspec)             \fontdimen 17\font =3.07585pt\relax \fontdimen 18\font
(fontspec)             =3.1132pt\relax \fontdimen 19\font =2.49057pt\relax
(fontspec)             \fontdimen 22\font =3.1132pt\relax \fontdimen 20\font
(fontspec)             =0pt\relax \fontdimen 21\font =0pt\relax }].
(fontspec)              
(fontspec)              This font family consists of the following NFSS
(fontspec)             series/shapes:
(fontspec)              
(fontspec)             - 'normal' (m/n) with NFSS spec.:
(fontspec)             <10.2->s*[1.037840569046446]"[latinmodern-math.otf]/OT:script=math;language=dflt;"<7.2-10.2>s*[1.037840569046446]"[latinmodern-math.otf]/OT:script=math;language=dflt;+ssty=0;"<-7.2>s*[1.037840569046446]"[latinmodern-math.otf]/OT:script=math;language=dflt;+ssty=1;"
(fontspec)             - 'bold' (b/n) with NFSS spec.:
(fontspec)             <->s*[1.037840569046446]"[latinmodern-math.otf]/OT:script=math;language=dflt;"

LaTeX Font Info:    Encoding `OMS' has changed to `TU' for symbol font
(Font)              `symbols' in the math version `normal' on input line 150.
LaTeX Font Info:    Overwriting symbol font `symbols' in version `normal'
(Font)                  OMS/lmsy/m/n --> TU/latinmodern-math.otf(2)/m/n on input line 150.
LaTeX Font Info:    Encoding `OMS' has changed to `TU' for symbol font
(Font)              `symbols' in the math version `bold' on input line 150.
LaTeX Font Info:    Overwriting symbol font `symbols' in version `bold'
(Font)                  OMS/lmsy/b/n --> TU/latinmodern-math.otf(2)/b/n on input line 150.

Package fontspec Info: 
(fontspec)             latinmodern-math scale = 1.037736795366909.


Package fontspec Info: 
(fontspec)             latinmodern-math scale = 1.037633021687372.


Package fontspec Info: 
(fontspec)             latinmodern-math scale = 1.037736795366909.


Package fontspec Info: 
(fontspec)             latinmodern-math scale = 1.037633021687372.


Package fontspec Info: 
(fontspec)             latinmodern-math scale = 1.037736795366909.


Package fontspec Info: 
(fontspec)             latinmodern-math scale = 1.037633021687372.


Package fontspec Info: 
(fontspec)             latinmodern-math scale = 1.037736795366909.


Package fontspec Info: 
(fontspec)             latinmodern-math scale = 1.037633021687372.


Package fontspec Info: 
(fontspec)             latinmodern-math scale = 1.037736795366909.


Package fontspec Info: 
(fontspec)             latinmodern-math scale = 1.037633021687372.


Package fontspec Info: 
(fontspec)             Font family 'latinmodern-math.otf(3)' created for font
(fontspec)             'latinmodern-math.otf' with options
(fontspec)             [Scale=MatchLowercase,BoldItalicFont={},ItalicFont={},SmallCapsFont={},Script=Math,SizeFeatures={{Size=10.2-},{Size=7.2-10.2,Font=latinmodern-math.otf,Style=MathScript},{Size=-7.2,Font=latinmodern-math.otf,Style=MathScriptScript}},BoldFont={latinmodern-math.otf},ScaleAgain=0.9999,FontAdjustment={\fontdimen
(fontspec)             8\font =0.49811pt\relax \fontdimen 9\font
(fontspec)             =2.49057pt\relax \fontdimen 10\font =2.07962pt\relax
(fontspec)             \fontdimen 11\font =1.38226pt\relax \fontdimen 12\font
(fontspec)             =7.4717pt\relax \fontdimen 13\font =0pt\relax }].
(fontspec)              
(fontspec)              This font family consists of the following NFSS
(fontspec)             series/shapes:
(fontspec)              
(fontspec)             - 'normal' (m/n) with NFSS spec.:
(fontspec)             <10.2->s*[1.037633021687372]"[latinmodern-math.otf]/OT:script=math;language=dflt;"<7.2-10.2>s*[1.037633021687372]"[latinmodern-math.otf]/OT:script=math;language=dflt;+ssty=0;"<-7.2>s*[1.037633021687372]"[latinmodern-math.otf]/OT:script=math;language=dflt;+ssty=1;"
(fontspec)             - 'bold' (b/n) with NFSS spec.:
(fontspec)             <->s*[1.037633021687372]"[latinmodern-math.otf]/OT:script=math;language=dflt;"

LaTeX Font Info:    Encoding `OMX' has changed to `TU' for symbol font
(Font)              `largesymbols' in the math version `normal' on input line 150.
LaTeX Font Info:    Overwriting symbol font `largesymbols' in version `normal'
(Font)                  OMX/lmex/m/n --> TU/latinmodern-math.otf(3)/m/n on input line 150.
LaTeX Font Info:    Encoding `OMX' has changed to `TU' for symbol font
(Font)              `largesymbols' in the math version `bold' on input line 150.
LaTeX Font Info:    Overwriting symbol font `largesymbols' in version `bold'
(Font)                  OMX/lmex/m/n --> TU/latinmodern-math.otf(3)/b/n on input line 150.
Package hyperref Info: Link coloring OFF on input line 150.
LaTeX Font Info:    Font shape `TU/TimesNewRoman(0)/m/n' will be
(Font)              scaled to size 17.28pt on input line 154.
LaTeX Font Info:    Font shape `TU/TimesNewRoman(0)/b/n' will be
(Font)              scaled to size 17.28pt on input line 154.
LaTeX Font Info:    Font shape `TU/TimesNewRoman(0)/b/n' will be
(Font)              scaled to size 12.0pt on input line 160.
LaTeX Font Info:    Font shape `TU/latinmodern-math.otf(1)/m/n' will be
(Font)              scaled to size 8.71696pt on input line 164.
LaTeX Font Info:    Font shape `TU/latinmodern-math.otf(1)/m/n' will be
(Font)              scaled to size 6.22641pt on input line 164.
LaTeX Font Info:    Trying to load font information for OML+lmm on input line 164.
(c:/Users/ThinkPad/AppData/Roaming/TinyTeX/texmf-dist/tex/latex/lm/omllmm.fd
File: omllmm.fd 2015/05/01 v1.6.1 Font defs for Latin Modern
)
LaTeX Font Info:    Font shape `TU/latinmodern-math.otf(2)/m/n' will be
(Font)              scaled to size 12.4541pt on input line 164.
LaTeX Font Info:    Font shape `TU/latinmodern-math.otf(2)/m/n' will be
(Font)              scaled to size 8.71785pt on input line 164.
LaTeX Font Info:    Font shape `TU/latinmodern-math.otf(2)/m/n' will be
(Font)              scaled to size 6.22705pt on input line 164.
LaTeX Font Info:    Font shape `TU/latinmodern-math.otf(3)/m/n' will be
(Font)              scaled to size 12.45154pt on input line 164.
LaTeX Font Info:    Font shape `TU/latinmodern-math.otf(3)/m/n' will be
(Font)              scaled to size 8.71606pt on input line 164.
LaTeX Font Info:    Font shape `TU/latinmodern-math.otf(3)/m/n' will be
(Font)              scaled to size 6.22577pt on input line 164.
LaTeX Font Info:    Trying to load font information for U+msa on input line 164.
(c:/Users/ThinkPad/AppData/Roaming/TinyTeX/texmf-dist/tex/latex/amsfonts/umsa.fd
File: umsa.fd 2013/01/14 v3.01 AMS symbols A
)
LaTeX Font Info:    Trying to load font information for U+msb on input line 164.
(c:/Users/ThinkPad/AppData/Roaming/TinyTeX/texmf-dist/tex/latex/amsfonts/umsb.fd
File: umsb.fd 2013/01/14 v3.01 AMS symbols B
)
File: ../gambar/Logo_IPB.png Graphic file (type bmp)
<../gambar/Logo_IPB.png>
LaTeX Font Info:    Font shape `TU/TimesNewRoman(0)/m/n' will be
(Font)              scaled to size 14.4pt on input line 179.
LaTeX Font Info:    Font shape `TU/TimesNewRoman(0)/b/n' will be
(Font)              scaled to size 14.4pt on input line 179.
[1

] [1] [2]
LaTeX Font Info:    Font shape `TU/TimesNewRoman(0)/m/it' will be
(Font)              scaled to size 12.0pt on input line 286.
[3] [1] [2] [3] [4] [5]
LaTeX Font Info:    Font shape `TU/TimesNewRoman(0)/b/it' will be
(Font)              scaled to size 12.0pt on input line 595.
[6] [7]
File: ../gambar/boxplot_outlier.png Graphic file (type bmp)
<../gambar/boxplot_outlier.png>
[8]
Overfull \hbox (14.43721pt too wide) in paragraph at lines 726--737
 [][] 
 []

[9]
File: ../gambar/histogramIPM.png Graphic file (type bmp)
<../gambar/histogramIPM.png>
[10]
File: ../gambar/histogramKemiskinan.png Graphic file (type bmp)
<../gambar/histogramKemiskinan.png>
[11]
File: ../gambar/bloxpotPDRBperKapita.png Graphic file (type bmp)
<../gambar/bloxpotPDRBperKapita.png>
[12]
File: ../gambar/scatter_kemiskinan_ipm.jpg Graphic file (type bmp)
<../gambar/scatter_kemiskinan_ipm.jpg>
[13]
File: ../gambar/scatter_internet_sekolah.jpeg Graphic file (type bmp)
<../gambar/scatter_internet_sekolah.jpeg>

Underfull \hbox (badness 2426) in paragraph at lines 841--851
[]\TU/TimesNewRoman(0)/m/n/12 Analisis distribusi data dilakukan untuk mengetahui karakteristik sebaran data
 []

[14]
File: ../gambar/QQPlotIPM.png Graphic file (type bmp)
<../gambar/QQPlotIPM.png>
[15]
File: ../gambar/QQPlotKemiskinan.png Graphic file (type bmp)
<../gambar/QQPlotKemiskinan.png>
[16] [17] [18]
Underfull \hbox (badness 3460) in paragraph at lines 1017--1023
[]\TU/TimesNewRoman(0)/m/n/12 Secara keseluruhan, hasil analisis menunjukkan bahwa pembangunan wilayah
 []

[19] [20] [21] [22]
LaTeX Font Info:    Font shape `TU/lmtt/bx/n' in size <12> not available
(Font)              Font shape `TU/lmtt/b/n' tried instead on input line 1167.
LaTeX Font Info:    Font shape `TU/latinmodern-math.otf(1)/m/n' will be
(Font)              scaled to size 10.37735pt on input line 1167.
LaTeX Font Info:    Font shape `TU/latinmodern-math.otf(1)/m/n' will be
(Font)              scaled to size 7.26414pt on input line 1167.
LaTeX Font Info:    Font shape `TU/latinmodern-math.otf(1)/m/n' will be
(Font)              scaled to size 5.18867pt on input line 1167.
LaTeX Font Info:    Font shape `TU/latinmodern-math.otf(2)/m/n' will be
(Font)              scaled to size 10.37842pt on input line 1167.
LaTeX Font Info:    Font shape `TU/latinmodern-math.otf(2)/m/n' will be
(Font)              scaled to size 7.2649pt on input line 1167.
LaTeX Font Info:    Font shape `TU/latinmodern-math.otf(2)/m/n' will be
(Font)              scaled to size 5.18921pt on input line 1167.
LaTeX Font Info:    Font shape `TU/latinmodern-math.otf(3)/m/n' will be
(Font)              scaled to size 10.37628pt on input line 1167.
LaTeX Font Info:    Font shape `TU/latinmodern-math.otf(3)/m/n' will be
(Font)              scaled to size 7.2634pt on input line 1167.
LaTeX Font Info:    Font shape `TU/latinmodern-math.otf(3)/m/n' will be
(Font)              scaled to size 5.18814pt on input line 1167.
LaTeX Font Info:    Font shape `TU/TimesNewRoman(0)/m/n' will be
(Font)              scaled to size 10.0pt on input line 1167.
LaTeX Font Info:    Font shape `TU/TimesNewRoman(0)/m/n' will be
(Font)              scaled to size 6.0pt on input line 1167.
[23]
Underfull \vbox (badness 10000) detected at line 1544
 []


Underfull \vbox (badness 10000) detected at line 1544
 []

[24]
Underfull \vbox (badness 10000) detected at line 1544
 []


Underfull \vbox (badness 10000) detected at line 1544
 []

[25]
Underfull \vbox (badness 10000) detected at line 1544
 []


Underfull \vbox (badness 10000) detected at line 1544
 []

[26]
Underfull \vbox (badness 10000) detected at line 1544
 []


Underfull \vbox (badness 10000) detected at line 1544
 []

[27]
Underfull \vbox (badness 10000) detected at line 1544
 []


Underfull \vbox (badness 10000) detected at line 1544
 []

[28]
Underfull \vbox (badness 10000) detected at line 1544
 []


Underfull \vbox (badness 10000) detected at line 1544
 []

[29]
Underfull \vbox (badness 10000) detected at line 1544
 []


Underfull \vbox (badness 10000) detected at line 1544
 []

[30]
Underfull \vbox (badness 10000) detected at line 1544
 []


Underfull \vbox (badness 10000) detected at line 1544
 []

[31]
Underfull \vbox (badness 10000) detected at line 1544
 []


Underfull \vbox (badness 10000) detected at line 1544
 []

[32]
Underfull \vbox (badness 10000) detected at line 1544
 []


Underfull \vbox (badness 10000) detected at line 1544
 []

[33]
Underfull \vbox (badness 10000) detected at line 1544
 []


Underfull \vbox (badness 10000) detected at line 1544
 []

[34]
Underfull \vbox (badness 10000) detected at line 1544
 []


Underfull \vbox (badness 10000) detected at line 1544
 []

[35]
Underfull \vbox (badness 10000) detected at line 1544
 []


Underfull \vbox (badness 10000) detected at line 1544
 []

[36]
Overfull \hbox (13.74124pt too wide) in paragraph at lines 1560--1560
[]\TU/lmtt/m/n/12 ##           wilayah          provinsi             tahun    pdrb_perkapita[] 
 []


Overfull \hbox (13.7413pt too wide) in paragraph at lines 1560--1560
[]\TU/lmtt/m/n/12 ##       "character"       "character"         "integer"         "numeric"[] 
 []


Overfull \hbox (13.74129pt too wide) in paragraph at lines 1560--1560
[]\TU/lmtt/m/n/12 ##        kemiskinan      pengangguran               ipm     harapan_hidup[] 
 []


Overfull \hbox (13.74124pt too wide) in paragraph at lines 1560--1560
[]\TU/lmtt/m/n/12 ##         "numeric"         "numeric"         "numeric"         "numeric"[] 
 []


Overfull \hbox (13.74138pt too wide) in paragraph at lines 1560--1560
[]\TU/lmtt/m/n/12 ## rata_lama_sekolah    akses_internet        jalan_baik        air_bersih[] 
 []


Overfull \hbox (13.74124pt too wide) in paragraph at lines 1560--1560
[]\TU/lmtt/m/n/12 ##         "numeric"         "numeric"         "numeric"         "numeric"[] 
 []


Overfull \hbox (57.00146pt too wide) in paragraph at lines 1584--1584
[]\TU/lmtt/m/n/12 ##   pengangguran   ipm harapan_hidup rata_lama_sekolah akses_internet jalan_baik[] 
 []


Overfull \hbox (56.95316pt too wide) in paragraph at lines 1584--1584
[]\TU/lmtt/m/n/12 ## 1         4.73 80.16         75.75              8.41          63.86      53.86[] 
 []


Overfull \hbox (56.92915pt too wide) in paragraph at lines 1584--1584
[]\TU/lmtt/m/n/12 ## 2         4.43 55.05         67.85              5.79          66.61      34.89[] 
 []


Overfull \hbox (56.95314pt too wide) in paragraph at lines 1584--1584
[]\TU/lmtt/m/n/12 ## 3         2.99 78.70         60.38             13.20          64.73      48.57[] 
 []


Overfull \hbox (56.94115pt too wide) in paragraph at lines 1584--1584
[]\TU/lmtt/m/n/12 ## 4         3.90 73.27         69.49             12.28          44.59      57.88[] 
 []


Overfull \hbox (56.94115pt too wide) in paragraph at lines 1584--1584
[]\TU/lmtt/m/n/12 ## 5        12.15 72.90         75.00              9.69          52.72      65.70[] 
 []


Overfull \hbox (56.92915pt too wide) in paragraph at lines 1584--1584
[]\TU/lmtt/m/n/12 ## 6         3.38 65.11         67.04              5.66          55.63      70.12[] 
 []

[37]
Overfull \hbox (13.74135pt too wide) in paragraph at lines 1619--1619
[]\TU/lmtt/m/n/12 ##  Length:2500        Length:2500        Min.   :2020   Min.   :1.503e+07[] 
 []


Overfull \hbox (13.70543pt too wide) in paragraph at lines 1619--1619
[]\TU/lmtt/m/n/12 ##  Class :character   Class :character   1st Qu.:2021   1st Qu.:6.962e+07[] 
 []


Overfull \hbox (13.74141pt too wide) in paragraph at lines 1619--1619
[]\TU/lmtt/m/n/12 ##  Mode  :character   Mode  :character   Median :2022   Median :1.373e+08[] 
 []


Overfull \hbox (13.74117pt too wide) in paragraph at lines 1619--1619
[]\TU/lmtt/m/n/12 ##                                        Mean   :2022   Mean   :1.357e+08[] 
 []


Overfull \hbox (13.71722pt too wide) in paragraph at lines 1619--1619
[]\TU/lmtt/m/n/12 ##                                        3rd Qu.:2023   3rd Qu.:1.939e+08[] 
 []


Overfull \hbox (13.72916pt too wide) in paragraph at lines 1619--1619
[]\TU/lmtt/m/n/12 ##                                        Max.   :2024   Max.   :1.775e+09[] 
 []

[38] [39]
Overfull \hbox (13.7413pt too wide) in paragraph at lines 1663--1663
[]\TU/lmtt/m/n/12 ##             tahun    pdrb_perkapita        kemiskinan      pengangguran[] 
 []


Overfull \hbox (13.68138pt too wide) in paragraph at lines 1663--1663
[]\TU/lmtt/m/n/12 ##      2.021999e+03      1.356505e+08      1.372146e+01      8.045733e+00[] 
 []


Overfull \hbox (13.74135pt too wide) in paragraph at lines 1663--1663
[]\TU/lmtt/m/n/12 ##               ipm     harapan_hidup rata_lama_sekolah    akses_internet[] 
 []


Overfull \hbox (13.60936pt too wide) in paragraph at lines 1663--1663
[]\TU/lmtt/m/n/12 ##      6.989999e+01      6.913015e+01      9.580684e+00      5.878903e+01[] 
 []


Overfull \hbox (13.7413pt too wide) in paragraph at lines 1672--1672
[]\TU/lmtt/m/n/12 ##             tahun    pdrb_perkapita        kemiskinan      pengangguran[] 
 []


Overfull \hbox (13.72937pt too wide) in paragraph at lines 1672--1672
[]\TU/lmtt/m/n/12 ##      2.022000e+03      1.373106e+08      1.372000e+01      8.230000e+00[] 
 []


Overfull \hbox (13.74135pt too wide) in paragraph at lines 1672--1672
[]\TU/lmtt/m/n/12 ##               ipm     harapan_hidup rata_lama_sekolah    akses_internet[] 
 []


Overfull \hbox (13.64539pt too wide) in paragraph at lines 1672--1672
[]\TU/lmtt/m/n/12 ##      6.989000e+01      6.929500e+01      9.520000e+00      5.809000e+01[] 
 []


Overfull \hbox (13.7413pt too wide) in paragraph at lines 1681--1681
[]\TU/lmtt/m/n/12 ##             tahun    pdrb_perkapita        kemiskinan      pengangguran[] 
 []


Overfull \hbox (13.7412pt too wide) in paragraph at lines 1681--1681
[]\TU/lmtt/m/n/12 ##           2020.00       15031581.00              2.01              1.01[] 
 []


Overfull \hbox (13.74135pt too wide) in paragraph at lines 1681--1681
[]\TU/lmtt/m/n/12 ##               ipm     harapan_hidup rata_lama_sekolah    akses_internet[] 
 []


Overfull \hbox (13.72913pt too wide) in paragraph at lines 1681--1681
[]\TU/lmtt/m/n/12 ##             55.01             60.01              5.02              0.01[] 
 []


Overfull \hbox (13.7413pt too wide) in paragraph at lines 1690--1690
[]\TU/lmtt/m/n/12 ##             tahun    pdrb_perkapita        kemiskinan      pengangguran[] 
 []


Overfull \hbox (13.71738pt too wide) in paragraph at lines 1690--1690
[]\TU/lmtt/m/n/12 ##      2.024000e+03      1.774545e+09      6.753000e+01      4.704000e+01[] 
 []

[40]
Overfull \hbox (13.74135pt too wide) in paragraph at lines 1690--1690
[]\TU/lmtt/m/n/12 ##               ipm     harapan_hidup rata_lama_sekolah    akses_internet[] 
 []


Overfull \hbox (13.65736pt too wide) in paragraph at lines 1690--1690
[]\TU/lmtt/m/n/12 ##      8.499000e+01      7.799000e+01      1.400000e+01      9.799000e+01[] 
 []


Overfull \hbox (13.7413pt too wide) in paragraph at lines 1699--1699
[]\TU/lmtt/m/n/12 ##             tahun    pdrb_perkapita        kemiskinan      pengangguran[] 
 []


Overfull \hbox (13.68138pt too wide) in paragraph at lines 1699--1699
[]\TU/lmtt/m/n/12 ##      1.431789e+00      8.934127e+07      6.894704e+00      4.258576e+00[] 
 []


Overfull \hbox (13.74135pt too wide) in paragraph at lines 1699--1699
[]\TU/lmtt/m/n/12 ##               ipm     harapan_hidup rata_lama_sekolah    akses_internet[] 
 []


Overfull \hbox (13.70538pt too wide) in paragraph at lines 1699--1699
[]\TU/lmtt/m/n/12 ##      8.535062e+00      5.171779e+00      2.627008e+00      2.282030e+01[] 
 []


Overfull \hbox (13.7413pt too wide) in paragraph at lines 1708--1708
[]\TU/lmtt/m/n/12 ##             tahun    pdrb_perkapita        kemiskinan      pengangguran[] 
 []


Overfull \hbox (13.68137pt too wide) in paragraph at lines 1708--1708
[]\TU/lmtt/m/n/12 ##      2.050019e+00      7.981863e+15      4.753694e+01      1.813547e+01[] 
 []


Overfull \hbox (13.74135pt too wide) in paragraph at lines 1708--1708
[]\TU/lmtt/m/n/12 ##               ipm     harapan_hidup rata_lama_sekolah    akses_internet[] 
 []


Overfull \hbox (13.68137pt too wide) in paragraph at lines 1708--1708
[]\TU/lmtt/m/n/12 ##      7.284728e+01      2.674730e+01      6.901173e+00      5.207660e+02[] 
 []


Overfull \hbox (1.38144pt too wide) in paragraph at lines 1723--1723
[]\TU/lmtt/m/n/12 ##      tahun pdrb_perkapita kemiskinan pengangguran   ipm harapan_hidup[] 
 []


Overfull \hbox (1.36928pt too wide) in paragraph at lines 1723--1723
[]\TU/lmtt/m/n/12 ## 0%    2020       15031581     2.0100         1.01 55.01       60.0100[] 
 []


Overfull \hbox (1.29732pt too wide) in paragraph at lines 1723--1723
[]\TU/lmtt/m/n/12 ## 25%   2021       69622210     7.8600         4.35 62.52       64.6575[] 
 []


Overfull \hbox (1.2973pt too wide) in paragraph at lines 1723--1723
[]\TU/lmtt/m/n/12 ## 50%   2022      137310624    13.7200         8.23 69.89       69.2950[] 
 []


Overfull \hbox (1.30931pt too wide) in paragraph at lines 1723--1723
[]\TU/lmtt/m/n/12 ## 75%   2023      193899157    19.3925        11.52 77.16       73.5850[] 
 []


Overfull \hbox (1.32133pt too wide) in paragraph at lines 1723--1723
[]\TU/lmtt/m/n/12 ## 100%  2024     1774545027    67.5300        47.04 84.99       77.9900[] 
 []

[41] [42] [43] [44] [45] [46] [47] [48] [49] [50] [51] [52] [53] [54] [55] [56] [57] [58] [59] [60] [61] [62] [63]
Overfull \hbox (19.92139pt too wide) in paragraph at lines 2386--2386
[]\TU/lmtt/m/n/12 ## [1] "--- Membuat boxplot hanya untuk variabel yang memiliki outlier ---"[] 
 []

File: laporan_files/figure-latex/unnamed-chunk-1-1.pdf Graphic file (type pdf)
<use laporan_files/figure-latex/unnamed-chunk-1-1.pdf>

Overfull \hbox (33.57233pt too wide) in paragraph at lines 2388--2389
[][] 
 []

[64]
File: laporan_files/figure-latex/unnamed-chunk-1-2.pdf Graphic file (type pdf)
<use laporan_files/figure-latex/unnamed-chunk-1-2.pdf>
File: laporan_files/figure-latex/unnamed-chunk-1-3.pdf Graphic file (type pdf)
<use laporan_files/figure-latex/unnamed-chunk-1-3.pdf>
File: laporan_files/figure-latex/unnamed-chunk-1-4.pdf Graphic file (type pdf)
<use laporan_files/figure-latex/unnamed-chunk-1-4.pdf>
File: laporan_files/figure-latex/unnamed-chunk-1-5.pdf Graphic file (type pdf)
<use laporan_files/figure-latex/unnamed-chunk-1-5.pdf>
File: laporan_files/figure-latex/unnamed-chunk-1-6.pdf Graphic file (type pdf)
<use laporan_files/figure-latex/unnamed-chunk-1-6.pdf>

Overfull \hbox (33.57233pt too wide) in paragraph at lines 2398--2403
[][]
 []


Underfull \hbox (badness 10000) in paragraph at lines 2398--2403
[]
 []


Underfull \hbox (badness 10000) in paragraph at lines 2398--2403
[]
 []


Underfull \hbox (badness 10000) in paragraph at lines 2398--2403
[]
 []

[65] [66] [67] [68]
Overfull \hbox (50.82135pt too wide) in paragraph at lines 2484--2484
[]\TU/lmtt/m/n/12 ##                   pdrb_perkapita kemiskinan pengangguran    ipm harapan_hidup[] 
 []


Overfull \hbox (50.80925pt too wide) in paragraph at lines 2484--2484
[]\TU/lmtt/m/n/12 ## pdrb_perkapita             1.000     -0.002       -0.028  0.009         0.011[] 
 []


Overfull \hbox (50.79724pt too wide) in paragraph at lines 2484--2484
[]\TU/lmtt/m/n/12 ## kemiskinan                -0.002      1.000       -0.011  0.019        -0.009[] 
 []


Overfull \hbox (50.82123pt too wide) in paragraph at lines 2484--2484
[]\TU/lmtt/m/n/12 ## pengangguran              -0.028     -0.011        1.000  0.001         0.004[] 
 []


Overfull \hbox (50.79715pt too wide) in paragraph at lines 2484--2484
[]\TU/lmtt/m/n/12 ## ipm                        0.009      0.019        0.001  1.000         0.020[] 
 []


Overfull \hbox (50.80922pt too wide) in paragraph at lines 2484--2484
[]\TU/lmtt/m/n/12 ## harapan_hidup              0.011     -0.009        0.004  0.020         1.000[] 
 []


Overfull \hbox (50.82126pt too wide) in paragraph at lines 2484--2484
[]\TU/lmtt/m/n/12 ## rata_lama_sekolah         -0.002      0.010        0.008  0.018        -0.013[] 
 []


Overfull \hbox (50.82126pt too wide) in paragraph at lines 2484--2484
[]\TU/lmtt/m/n/12 ## akses_internet            -0.008     -0.032        0.027 -0.001         0.004[] 
 []


Overfull \hbox (50.8212pt too wide) in paragraph at lines 2484--2484
[]\TU/lmtt/m/n/12 ## jalan_baik                 0.040      0.020       -0.005  0.025         0.000[] 
 []


Overfull \hbox (50.80922pt too wide) in paragraph at lines 2484--2484
[]\TU/lmtt/m/n/12 ## air_bersih                -0.005      0.009        0.008  0.025        -0.025[] 
 []

[69]
Overfull \hbox (19.92137pt too wide) in paragraph at lines 2484--2484
[]\TU/lmtt/m/n/12 ##                   rata_lama_sekolah akses_internet jalan_baik air_bersih[] 
 []


Overfull \hbox (19.92126pt too wide) in paragraph at lines 2484--2484
[]\TU/lmtt/m/n/12 ## pdrb_perkapita               -0.002         -0.008      0.040     -0.005[] 
 []


Overfull \hbox (19.90921pt too wide) in paragraph at lines 2484--2484
[]\TU/lmtt/m/n/12 ## kemiskinan                    0.010         -0.032      0.020      0.009[] 
 []


Overfull \hbox (19.92122pt too wide) in paragraph at lines 2484--2484
[]\TU/lmtt/m/n/12 ## pengangguran                  0.008          0.027     -0.005      0.008[] 
 []


Overfull \hbox (19.92116pt too wide) in paragraph at lines 2484--2484
[]\TU/lmtt/m/n/12 ## ipm                           0.018         -0.001      0.025      0.025[] 
 []


Overfull \hbox (19.92123pt too wide) in paragraph at lines 2484--2484
[]\TU/lmtt/m/n/12 ## harapan_hidup                -0.013          0.004      0.000     -0.025[] 
 []


Overfull \hbox (19.90926pt too wide) in paragraph at lines 2484--2484
[]\TU/lmtt/m/n/12 ## rata_lama_sekolah             1.000         -0.014      0.052      0.019[] 
 []


Overfull \hbox (19.92126pt too wide) in paragraph at lines 2484--2484
[]\TU/lmtt/m/n/12 ## akses_internet               -0.014          1.000     -0.004     -0.007[] 
 []


Overfull \hbox (19.9212pt too wide) in paragraph at lines 2484--2484
[]\TU/lmtt/m/n/12 ## jalan_baik                    0.052         -0.004      1.000      0.022[] 
 []


Overfull \hbox (19.90921pt too wide) in paragraph at lines 2484--2484
[]\TU/lmtt/m/n/12 ## air_bersih                    0.019         -0.007      0.022      1.000[] 
 []

[70]
File: laporan_files/figure-latex/unnamed-chunk-1-7.pdf Graphic file (type pdf)
<use laporan_files/figure-latex/unnamed-chunk-1-7.pdf>

Overfull \hbox (33.57233pt too wide) in paragraph at lines 2528--2529
[][] 
 []

[71] [72] [73] (./laporan.aux)
 ***********
LaTeX2e <2026-06-01>
L3 programming layer <2026-05-26>
 ***********

LaTeX Warning: There were multiply-defined labels.

 ) 
Here is how much of TeX's memory you used:
 18800 strings out of 469836
 355926 string characters out of 5467503
 959238 words of memory out of 5000000
 47480 multiletter control sequences out of 15000+600000
 634284 words of font info for 107 fonts, out of 8000000 for 9000
 14 hyphenation exceptions out of 8191
 90i,10n,116p,454b,628s stack positions out of 10000i,1000n,20000p,200000b,200000s

Output written on laporan.pdf (77 pages).
